This file contains any messages produced by compilers while
running configure, to aid debugging if configure makes a mistake.

It was created by Xen Hypervisor Tools configure 4.12, which was
generated by GNU Autoconf 2.69.  Invocation command line was

  $ ./configure --disable-option-checking --prefix=/usr/local --cache-file=/dev/null --srcdir=.

## --------- ##
## Platform. ##
## --------- ##

hostname = rtlabuser-XPS-8500
uname -m = x86_64
uname -r = 4.4.0-170-generic
uname -s = Linux
uname -v = #199-Ubuntu SMP Thu Nov 14 01:45:04 UTC 2019

/usr/bin/uname -p = unknown
/bin/uname -X     = unknown

/bin/arch              = unknown
/usr/bin/arch -k       = unknown
/usr/convex/getsysinfo = unknown
/usr/bin/hostinfo      = unknown
/bin/machine           = unknown
/usr/bin/oslevel       = unknown
/bin/universe          = unknown

PATH: /usr/local/sbin
PATH: /usr/local/bin
PATH: /usr/sbin
PATH: /usr/bin
PATH: /sbin
PATH: /bin
PATH: /snap/bin


## ----------- ##
## Core tests. ##
## ----------- ##

configure:2490: checking build system type
configure:2504: result: x86_64-unknown-linux-gnu
configure:2524: checking host system type
configure:2537: result: x86_64-unknown-linux-gnu
configure:2612: checking for gcc
configure:2628: found /usr/bin/gcc
configure:2639: result: gcc
configure:2868: checking for C compiler version
configure:2877: gcc --version >&5
gcc (Ubuntu 5.4.0-6ubuntu1~16.04.12) 5.4.0 20160609
Copyright (C) 2015 Free Software Foundation, Inc.
This is free software; see the source for copying conditions.  There is NO
warranty; not even for MERCHANTABILITY or FITNESS FOR A PARTICULAR PURPOSE.

configure:2888: $? = 0
configure:2877: gcc -v >&5
Using built-in specs.
COLLECT_GCC=gcc
COLLECT_LTO_WRAPPER=/usr/lib/gcc/x86_64-linux-gnu/5/lto-wrapper
Target: x86_64-linux-gnu
Configured with: ../src/configure -v --with-pkgversion='Ubuntu 5.4.0-6ubuntu1~16.04.12' --with-bugurl=file:///usr/share/doc/gcc-5/README.Bugs --enable-languages=c,ada,c++,java,go,d,fortran,objc,obj-c++ --prefix=/usr --program-suffix=-5 --enable-shared --enable-linker-build-id --libexecdir=/usr/lib --without-included-gettext --enable-threads=posix --libdir=/usr/lib --enable-nls --with-sysroot=/ --enable-clocale=gnu --enable-libstdcxx-debug --enable-libstdcxx-time=yes --with-default-libstdcxx-abi=new --enable-gnu-unique-object --disable-vtable-verify --enable-libmpx --enable-plugin --with-system-zlib --disable-browser-plugin --enable-java-awt=gtk --enable-gtk-cairo --with-java-home=/usr/lib/jvm/java-1.5.0-gcj-5-amd64/jre --enable-java-home --with-jvm-root-dir=/usr/lib/jvm/java-1.5.0-gcj-5-amd64 --with-jvm-jar-dir=/usr/lib/jvm-exports/java-1.5.0-gcj-5-amd64 --with-arch-directory=amd64 --with-ecj-jar=/usr/share/java/eclipse-ecj.jar --enable-objc-gc --enable-multiarch --disable-werror --with-arch-32=i686 --with-abi=m64 --with-multilib-list=m32,m64,mx32 --enable-multilib --with-tune=generic --enable-checking=release --build=x86_64-linux-gnu --host=x86_64-linux-gnu --target=x86_64-linux-gnu
Thread model: posix
gcc version 5.4.0 20160609 (Ubuntu 5.4.0-6ubuntu1~16.04.12) 
configure:2888: $? = 0
configure:2877: gcc -V >&5
gcc: error: unrecognized command line option '-V'
gcc: fatal error: no input files
compilation terminated.
configure:2888: $? = 1
configure:2877: gcc -qversion >&5
gcc: error: unrecognized command line option '-qversion'
gcc: fatal error: no input files
compilation terminated.
configure:2888: $? = 1
configure:2908: checking whether the C compiler works
configure:2930: gcc    conftest.c  >&5
configure:2934: $? = 0
configure:2982: result: yes
configure:2985: checking for C compiler default output file name
configure:2987: result: a.out
configure:2993: checking for suffix of executables
configure:3000: gcc -o conftest    conftest.c  >&5
configure:3004: $? = 0
configure:3026: result: 
configure:3048: checking whether we are cross compiling
configure:3056: gcc -o conftest    conftest.c  >&5
configure:3060: $? = 0
configure:3067: ./conftest
configure:3071: $? = 0
configure:3086: result: no
configure:3091: checking for suffix of object files
configure:3113: gcc -c   conftest.c >&5
configure:3117: $? = 0
configure:3138: result: o
configure:3142: checking whether we are using the GNU C compiler
configure:3161: gcc -c   conftest.c >&5
configure:3161: $? = 0
configure:3170: result: yes
configure:3179: checking whether gcc accepts -g
configure:3199: gcc -c -g  conftest.c >&5
configure:3199: $? = 0
configure:3240: result: yes
configure:3257: checking for gcc option to accept ISO C89
configure:3320: gcc  -c -g -O2  conftest.c >&5
configure:3320: $? = 0
configure:3333: result: none needed
configure:3361: checking for special C compiler options needed for large files
configure:3406: result: no
configure:3412: checking for _FILE_OFFSET_BITS value needed for large files
configure:3437: gcc -c -g -O2  conftest.c >&5
configure:3437: $? = 0
configure:3469: result: no
configure:4310: checking for as86
configure:4328: found /usr/bin/as86
configure:4341: result: /usr/bin/as86
configure:4355: checking for ld86
configure:4373: found /usr/bin/ld86
configure:4386: result: /usr/bin/ld86
configure:4400: checking for bcc
configure:4418: found /usr/bin/bcc
configure:4431: result: /usr/bin/bcc
configure:4443: checking for lzma_version_number in -llzma
configure:4468: gcc -o conftest -g -O2   conftest.c -llzma   >&5
configure:4468: $? = 0
configure:4477: result: yes
configure:4738: checking for gcc
configure:4765: result: gcc
configure:4994: checking for C compiler version
configure:5003: gcc --version >&5
gcc (Ubuntu 5.4.0-6ubuntu1~16.04.12) 5.4.0 20160609
Copyright (C) 2015 Free Software Foundation, Inc.
This is free software; see the source for copying conditions.  There is NO
warranty; not even for MERCHANTABILITY or FITNESS FOR A PARTICULAR PURPOSE.

configure:5014: $? = 0
configure:5003: gcc -v >&5
Using built-in specs.
COLLECT_GCC=gcc
COLLECT_LTO_WRAPPER=/usr/lib/gcc/x86_64-linux-gnu/5/lto-wrapper
Target: x86_64-linux-gnu
Configured with: ../src/configure -v --with-pkgversion='Ubuntu 5.4.0-6ubuntu1~16.04.12' --with-bugurl=file:///usr/share/doc/gcc-5/README.Bugs --enable-languages=c,ada,c++,java,go,d,fortran,objc,obj-c++ --prefix=/usr --program-suffix=-5 --enable-shared --enable-linker-build-id --libexecdir=/usr/lib --without-included-gettext --enable-threads=posix --libdir=/usr/lib --enable-nls --with-sysroot=/ --enable-clocale=gnu --enable-libstdcxx-debug --enable-libstdcxx-time=yes --with-default-libstdcxx-abi=new --enable-gnu-unique-object --disable-vtable-verify --enable-libmpx --enable-plugin --with-system-zlib --disable-browser-plugin --enable-java-awt=gtk --enable-gtk-cairo --with-java-home=/usr/lib/jvm/java-1.5.0-gcj-5-amd64/jre --enable-java-home --with-jvm-root-dir=/usr/lib/jvm/java-1.5.0-gcj-5-amd64 --with-jvm-jar-dir=/usr/lib/jvm-exports/java-1.5.0-gcj-5-amd64 --with-arch-directory=amd64 --with-ecj-jar=/usr/share/java/eclipse-ecj.jar --enable-objc-gc --enable-multiarch --disable-werror --with-arch-32=i686 --with-abi=m64 --with-multilib-list=m32,m64,mx32 --enable-multilib --with-tune=generic --enable-checking=release --build=x86_64-linux-gnu --host=x86_64-linux-gnu --target=x86_64-linux-gnu
Thread model: posix
gcc version 5.4.0 20160609 (Ubuntu 5.4.0-6ubuntu1~16.04.12) 
configure:5014: $? = 0
configure:5003: gcc -V >&5
gcc: error: unrecognized command line option '-V'
gcc: fatal error: no input files
compilation terminated.
configure:5014: $? = 1
configure:5003: gcc -qversion >&5
gcc: error: unrecognized command line option '-qversion'
gcc: fatal error: no input files
compilation terminated.
configure:5014: $? = 1
configure:5018: checking whether we are using the GNU C compiler
configure:5046: result: yes
configure:5055: checking whether gcc accepts -g
configure:5116: result: yes
configure:5133: checking for gcc option to accept ISO C89
configure:5209: result: none needed
configure:5229: checking whether make sets $(MAKE)
configure:5251: result: yes
configure:5274: checking for a BSD-compatible install
configure:5342: result: /usr/bin/install -c
configure:5355: checking for bison
configure:5373: found /usr/bin/bison
configure:5385: result: /usr/bin/bison
configure:5395: checking for flex
configure:5413: found /usr/bin/flex
configure:5425: result: /usr/bin/flex
configure:5435: checking for perl
configure:5453: found /usr/bin/perl
configure:5466: result: /usr/bin/perl
configure:5480: checking for awk
configure:5498: found /usr/bin/awk
configure:5511: result: /usr/bin/awk
configure:5568: checking for ocamlc
configure:5584: found /usr/bin/ocamlc
configure:5595: result: ocamlc
configure:5620: result: OCaml version is 4.02.3
configure:5629: result: OCaml library path is /usr/lib/ocaml
configure:5679: checking for ocamlopt
configure:5695: found /usr/bin/ocamlopt
configure:5706: result: ocamlopt
configure:5789: checking for ocamlc.opt
configure:5819: result: no
configure:5893: checking for ocamlopt.opt
configure:5923: result: no
configure:6002: checking for ocaml
configure:6018: found /usr/bin/ocaml
configure:6029: result: ocaml
configure:6096: checking for ocamldep
configure:6112: found /usr/bin/ocamldep
configure:6123: result: ocamldep
configure:6190: checking for ocamlmktop
configure:6206: found /usr/bin/ocamlmktop
configure:6217: result: ocamlmktop
configure:6284: checking for ocamlmklib
configure:6300: found /usr/bin/ocamlmklib
configure:6311: result: ocamlmklib
configure:6378: checking for ocamldoc
configure:6394: found /usr/bin/ocamldoc
configure:6405: result: ocamldoc
configure:6472: checking for ocamlbuild
configure:6488: found /usr/bin/ocamlbuild
configure:6499: result: ocamlbuild
configure:6567: checking for ocamlfind
configure:6583: found /usr/bin/ocamlfind
configure:6594: result: ocamlfind
configure:6623: checking for gawk
configure:6650: result: /usr/bin/awk
configure:6834: checking for checkpolicy
configure:6864: result: no
configure:6906: checking for bash
configure:6937: result: /bin/bash
configure:6962: checking for python
configure:6980: found /usr/bin/python
configure:6993: result: /usr/bin/python
configure:7005: checking for python version >= 2.3 
configure:7015: result: yes
configure:7024: checking how to run the C preprocessor
configure:7055: gcc -E    conftest.c
configure:7055: $? = 0
configure:7069: gcc -E    conftest.c
conftest.c:15:28: fatal error: ac_nonexistent.h: No such file or directory
compilation terminated.
configure:7069: $? = 1
configure: failed program was:
| /* confdefs.h */
| #define PACKAGE_NAME "Xen Hypervisor Tools"
| #define PACKAGE_TARNAME "xen"
| #define PACKAGE_VERSION "4.12"
| #define PACKAGE_STRING "Xen Hypervisor Tools 4.12"
| #define PACKAGE_BUGREPORT "xen-devel@lists.xen.org"
| #define PACKAGE_URL "http://www.xen.org/"
| #define HAVE_QEMU_TRADITIONAL 1
| #define HAVE_LIBLZMA 1
| #define HAVE_ROMBIOS 1
| #define QEMU_XEN_PATH "/usr/local/lib/xen/bin/qemu-system-i386"
| #define SEABIOS_PATH "/usr/local/lib/xen/boot/seabios.bin"
| #define IPXE_PATH "/usr/local/lib/xen/boot/ipxe.bin"
| /* end confdefs.h.  */
| #include <ac_nonexistent.h>
configure:7094: result: gcc -E
configure:7114: gcc -E    conftest.c
configure:7114: $? = 0
configure:7128: gcc -E    conftest.c
conftest.c:15:28: fatal error: ac_nonexistent.h: No such file or directory
compilation terminated.
configure:7128: $? = 1
configure: failed program was:
| /* confdefs.h */
| #define PACKAGE_NAME "Xen Hypervisor Tools"
| #define PACKAGE_TARNAME "xen"
| #define PACKAGE_VERSION "4.12"
| #define PACKAGE_STRING "Xen Hypervisor Tools 4.12"
| #define PACKAGE_BUGREPORT "xen-devel@lists.xen.org"
| #define PACKAGE_URL "http://www.xen.org/"
| #define HAVE_QEMU_TRADITIONAL 1
| #define HAVE_LIBLZMA 1
| #define HAVE_ROMBIOS 1
| #define QEMU_XEN_PATH "/usr/local/lib/xen/bin/qemu-system-i386"
| #define SEABIOS_PATH "/usr/local/lib/xen/boot/seabios.bin"
| #define IPXE_PATH "/usr/local/lib/xen/boot/ipxe.bin"
| /* end confdefs.h.  */
| #include <ac_nonexistent.h>
configure:7157: checking for grep that handles long lines and -e
configure:7215: result: /bin/grep
configure:7220: checking for egrep
configure:7282: result: /bin/grep -E
configure:7287: checking for ANSI C header files
configure:7307: gcc -c -g -O2    conftest.c >&5
configure:7307: $? = 0
configure:7380: gcc -o conftest -g -O2       conftest.c -llzma  >&5
configure:7380: $? = 0
configure:7380: ./conftest
configure:7380: $? = 0
configure:7391: result: yes
configure:7404: checking for sys/types.h
configure:7404: gcc -c -g -O2    conftest.c >&5
configure:7404: $? = 0
configure:7404: result: yes
configure:7404: checking for sys/stat.h
configure:7404: gcc -c -g -O2    conftest.c >&5
configure:7404: $? = 0
configure:7404: result: yes
configure:7404: checking for stdlib.h
configure:7404: gcc -c -g -O2    conftest.c >&5
configure:7404: $? = 0
configure:7404: result: yes
configure:7404: checking for string.h
configure:7404: gcc -c -g -O2    conftest.c >&5
configure:7404: $? = 0
configure:7404: result: yes
configure:7404: checking for memory.h
configure:7404: gcc -c -g -O2    conftest.c >&5
configure:7404: $? = 0
configure:7404: result: yes
configure:7404: checking for strings.h
configure:7404: gcc -c -g -O2    conftest.c >&5
configure:7404: $? = 0
configure:7404: result: yes
configure:7404: checking for inttypes.h
configure:7404: gcc -c -g -O2    conftest.c >&5
configure:7404: $? = 0
configure:7404: result: yes
configure:7404: checking for stdint.h
configure:7404: gcc -c -g -O2    conftest.c >&5
configure:7404: $? = 0
configure:7404: result: yes
configure:7404: checking for unistd.h
configure:7404: gcc -c -g -O2    conftest.c >&5
configure:7404: $? = 0
configure:7404: result: yes
configure:7425: checking for python-config
configure:7443: found /usr/bin/python-config
configure:7456: result: /usr/bin/python-config
configure:7490: checking Python.h usability
configure:7490: gcc -c -g -O2 -g -O2 -I/usr/include/python2.7 -I/usr/include/x86_64-linux-gnu/python2.7  -fno-strict-aliasing -Wdate-time -D_FORTIFY_SOURCE=2 -g -fstack-protector-strong -Wformat -Werror=format-security  -DNDEBUG -g -fwrapv -O2 -Wall -Wstrict-prototypes conftest.c >&5
configure:7490: $? = 0
configure:7490: result: yes
configure:7490: checking Python.h presence
configure:7490: gcc -E -g -O2 -I/usr/include/python2.7 -I/usr/include/x86_64-linux-gnu/python2.7  -fno-strict-aliasing -Wdate-time -D_FORTIFY_SOURCE=2 -g -fstack-protector-strong -Wformat -Werror=format-security  -DNDEBUG -g -fwrapv -O2 -Wall -Wstrict-prototypes conftest.c
configure:7490: $? = 0
configure:7490: result: yes
configure:7490: checking for Python.h
configure:7490: result: yes
configure:7499: checking for PyArg_ParseTuple in -lpython2.7
configure:7524: gcc -o conftest -g -O2 -g -O2 -I/usr/include/python2.7 -I/usr/include/x86_64-linux-gnu/python2.7  -fno-strict-aliasing -Wdate-time -D_FORTIFY_SOURCE=2 -g -fstack-protector-strong -Wformat -Werror=format-security  -DNDEBUG -g -fwrapv -O2 -Wall -Wstrict-prototypes    -L/usr/lib/python2.7/config-x86_64-linux-gnu -L/usr/lib -lpython2.7 -lpthread -ldl  -lutil -lm  -Xlinker -export-dynamic -Wl,-O1 -Wl,-Bsymbolic-functions conftest.c -lpython2.7 -llzma  -lpython2.7 -lpthread -ldl  -lutil -lm  -llzma  >&5
conftest.c:32:1: warning: function declaration isn't a prototype [-Wstrict-prototypes]
 char PyArg_ParseTuple ();
 ^
conftest.c:34:1: warning: function declaration isn't a prototype [-Wstrict-prototypes]
 main ()
 ^
configure:7524: $? = 0
configure:7534: result: yes
configure:7551: checking whether Python setup.py brokenly enables -D_FORTIFY_SOURCE
configure:7569: result: yes
configure:7591: checking for xgettext
configure:7609: found /usr/bin/xgettext
configure:7622: result: /usr/bin/xgettext
configure:7638: checking for iasl
configure:7656: found /usr/bin/iasl
configure:7669: result: /usr/bin/iasl
configure:7684: checking uuid/uuid.h usability
configure:7684: gcc -c -g -O2    conftest.c >&5
configure:7684: $? = 0
configure:7684: result: yes
configure:7684: checking uuid/uuid.h presence
configure:7684: gcc -E    conftest.c
configure:7684: $? = 0
configure:7684: result: yes
configure:7684: checking for uuid/uuid.h
configure:7684: result: yes
configure:7687: checking for uuid_clear in -luuid
configure:7712: gcc -o conftest -g -O2       conftest.c -luuid  -lpython2.7 -llzma  >&5
configure:7712: $? = 0
configure:7721: result: yes
configure:7731: checking uuid.h usability
configure:7731: gcc -c -g -O2    conftest.c >&5
conftest.c:59:18: fatal error: uuid.h: No such file or directory
compilation terminated.
configure:7731: $? = 1
configure: failed program was:
| /* confdefs.h */
| #define PACKAGE_NAME "Xen Hypervisor Tools"
| #define PACKAGE_TARNAME "xen"
| #define PACKAGE_VERSION "4.12"
| #define PACKAGE_STRING "Xen Hypervisor Tools 4.12"
| #define PACKAGE_BUGREPORT "xen-devel@lists.xen.org"
| #define PACKAGE_URL "http://www.xen.org/"
| #define HAVE_QEMU_TRADITIONAL 1
| #define HAVE_LIBLZMA 1
| #define HAVE_ROMBIOS 1
| #define QEMU_XEN_PATH "/usr/local/lib/xen/bin/qemu-system-i386"
| #define SEABIOS_PATH "/usr/local/lib/xen/boot/seabios.bin"
| #define IPXE_PATH "/usr/local/lib/xen/boot/ipxe.bin"
| #define STDC_HEADERS 1
| #define HAVE_SYS_TYPES_H 1
| #define HAVE_SYS_STAT_H 1
| #define HAVE_STDLIB_H 1
| #define HAVE_STRING_H 1
| #define HAVE_MEMORY_H 1
| #define HAVE_STRINGS_H 1
| #define HAVE_INTTYPES_H 1
| #define HAVE_STDINT_H 1
| #define HAVE_UNISTD_H 1
| #define HAVE_LIBPYTHON2_7 1
| /* end confdefs.h.  */
| #include <stdio.h>
| #ifdef HAVE_SYS_TYPES_H
| # include <sys/types.h>
| #endif
| #ifdef HAVE_SYS_STAT_H
| # include <sys/stat.h>
| #endif
| #ifdef STDC_HEADERS
| # include <stdlib.h>
| # include <stddef.h>
| #else
| # ifdef HAVE_STDLIB_H
| #  include <stdlib.h>
| # endif
| #endif
| #ifdef HAVE_STRING_H
| # if !defined STDC_HEADERS && defined HAVE_MEMORY_H
| #  include <memory.h>
| # endif
| # include <string.h>
| #endif
| #ifdef HAVE_STRINGS_H
| # include <strings.h>
| #endif
| #ifdef HAVE_INTTYPES_H
| # include <inttypes.h>
| #endif
| #ifdef HAVE_STDINT_H
| # include <stdint.h>
| #endif
| #ifdef HAVE_UNISTD_H
| # include <unistd.h>
| #endif
| #include <uuid.h>
configure:7731: result: no
configure:7731: checking uuid.h presence
configure:7731: gcc -E    conftest.c
conftest.c:26:18: fatal error: uuid.h: No such file or directory
compilation terminated.
configure:7731: $? = 1
configure: failed program was:
| /* confdefs.h */
| #define PACKAGE_NAME "Xen Hypervisor Tools"
| #define PACKAGE_TARNAME "xen"
| #define PACKAGE_VERSION "4.12"
| #define PACKAGE_STRING "Xen Hypervisor Tools 4.12"
| #define PACKAGE_BUGREPORT "xen-devel@lists.xen.org"
| #define PACKAGE_URL "http://www.xen.org/"
| #define HAVE_QEMU_TRADITIONAL 1
| #define HAVE_LIBLZMA 1
| #define HAVE_ROMBIOS 1
| #define QEMU_XEN_PATH "/usr/local/lib/xen/bin/qemu-system-i386"
| #define SEABIOS_PATH "/usr/local/lib/xen/boot/seabios.bin"
| #define IPXE_PATH "/usr/local/lib/xen/boot/ipxe.bin"
| #define STDC_HEADERS 1
| #define HAVE_SYS_TYPES_H 1
| #define HAVE_SYS_STAT_H 1
| #define HAVE_STDLIB_H 1
| #define HAVE_STRING_H 1
| #define HAVE_MEMORY_H 1
| #define HAVE_STRINGS_H 1
| #define HAVE_INTTYPES_H 1
| #define HAVE_STDINT_H 1
| #define HAVE_UNISTD_H 1
| #define HAVE_LIBPYTHON2_7 1
| /* end confdefs.h.  */
| #include <uuid.h>
configure:7731: result: no
configure:7731: checking for uuid.h
configure:7731: result: no
configure:7744: checking curses.h usability
configure:7744: gcc -c -g -O2    conftest.c >&5
configure:7744: $? = 0
configure:7744: result: yes
configure:7744: checking curses.h presence
configure:7744: gcc -E    conftest.c
configure:7744: $? = 0
configure:7744: result: yes
configure:7744: checking for curses.h
configure:7744: result: yes
configure:7747: checking for clear in -lcurses
configure:7772: gcc -o conftest -g -O2       conftest.c -lcurses  -lpython2.7 -llzma  >&5
configure:7772: $? = 0
configure:7781: result: yes
configure:7795: checking ncurses.h usability
configure:7795: gcc -c -g -O2    conftest.c >&5
configure:7795: $? = 0
configure:7795: result: yes
configure:7795: checking ncurses.h presence
configure:7795: gcc -E    conftest.c
configure:7795: $? = 0
configure:7795: result: yes
configure:7795: checking for ncurses.h
configure:7795: result: yes
configure:7798: checking for clear in -lncurses
configure:7823: gcc -o conftest -g -O2       conftest.c -lncurses  -lpython2.7 -llzma  >&5
configure:7823: $? = 0
configure:7832: result: yes
configure:7871: checking for define_key in -ltinfo
configure:7896: gcc -o conftest -g -O2       conftest.c -ltinfo  -lpython2.7 -llzma  >&5
configure:7896: $? = 0
configure:7905: result: yes
configure:7969: checking for pkg-config
configure:7987: found /usr/bin/pkg-config
configure:7999: result: /usr/bin/pkg-config
configure:8024: checking pkg-config is at least version 0.9.0
configure:8027: result: yes
configure:8039: checking for glib
configure:8046: $PKG_CONFIG --exists --print-errors "glib-2.0 >= 2.12"
configure:8049: $? = 0
configure:8063: $PKG_CONFIG --exists --print-errors "glib-2.0 >= 2.12"
configure:8066: $? = 0
configure:8124: result: yes
configure:8130: checking for pixman
configure:8137: $PKG_CONFIG --exists --print-errors "pixman-1 >= 0.21.8"
configure:8140: $? = 0
configure:8154: $PKG_CONFIG --exists --print-errors "pixman-1 >= 0.21.8"
configure:8157: $? = 0
configure:8215: result: yes
configure:8224: checking for wget
configure:8242: found /usr/bin/wget
configure:8255: result: /usr/bin/wget
configure:8325: checking bzlib.h usability
configure:8325: gcc -c -g -O2    conftest.c >&5
configure:8325: $? = 0
configure:8325: result: yes
configure:8325: checking bzlib.h presence
configure:8325: gcc -E    conftest.c
configure:8325: $? = 0
configure:8325: result: yes
configure:8325: checking for bzlib.h
configure:8325: result: yes
configure:8328: checking for BZ2_bzDecompressInit in -lbz2
configure:8353: gcc -o conftest -g -O2       conftest.c -lbz2  -lpython2.7 -llzma  >&5
configure:8353: $? = 0
configure:8362: result: yes
configure:8372: checking lzma.h usability
configure:8372: gcc -c -g -O2    conftest.c >&5
configure:8372: $? = 0
configure:8372: result: yes
configure:8372: checking lzma.h presence
configure:8372: gcc -E    conftest.c
configure:8372: $? = 0
configure:8372: result: yes
configure:8372: checking for lzma.h
configure:8372: result: yes
configure:8375: checking for lzma_stream_decoder in -llzma
configure:8400: gcc -o conftest -g -O2       conftest.c -llzma  -lpython2.7 -llzma  >&5
configure:8400: $? = 0
configure:8409: result: yes
configure:8419: checking lzo/lzo1x.h usability
configure:8419: gcc -c -g -O2    conftest.c >&5
conftest.c:60:23: fatal error: lzo/lzo1x.h: No such file or directory
compilation terminated.
configure:8419: $? = 1
configure: failed program was:
| /* confdefs.h */
| #define PACKAGE_NAME "Xen Hypervisor Tools"
| #define PACKAGE_TARNAME "xen"
| #define PACKAGE_VERSION "4.12"
| #define PACKAGE_STRING "Xen Hypervisor Tools 4.12"
| #define PACKAGE_BUGREPORT "xen-devel@lists.xen.org"
| #define PACKAGE_URL "http://www.xen.org/"
| #define HAVE_QEMU_TRADITIONAL 1
| #define HAVE_LIBLZMA 1
| #define HAVE_ROMBIOS 1
| #define QEMU_XEN_PATH "/usr/local/lib/xen/bin/qemu-system-i386"
| #define SEABIOS_PATH "/usr/local/lib/xen/boot/seabios.bin"
| #define IPXE_PATH "/usr/local/lib/xen/boot/ipxe.bin"
| #define STDC_HEADERS 1
| #define HAVE_SYS_TYPES_H 1
| #define HAVE_SYS_STAT_H 1
| #define HAVE_STDLIB_H 1
| #define HAVE_STRING_H 1
| #define HAVE_MEMORY_H 1
| #define HAVE_STRINGS_H 1
| #define HAVE_INTTYPES_H 1
| #define HAVE_STDINT_H 1
| #define HAVE_UNISTD_H 1
| #define HAVE_LIBPYTHON2_7 1
| #define INCLUDE_CURSES_H <ncurses.h>
| /* end confdefs.h.  */
| #include <stdio.h>
| #ifdef HAVE_SYS_TYPES_H
| # include <sys/types.h>
| #endif
| #ifdef HAVE_SYS_STAT_H
| # include <sys/stat.h>
| #endif
| #ifdef STDC_HEADERS
| # include <stdlib.h>
| # include <stddef.h>
| #else
| # ifdef HAVE_STDLIB_H
| #  include <stdlib.h>
| # endif
| #endif
| #ifdef HAVE_STRING_H
| # if !defined STDC_HEADERS && defined HAVE_MEMORY_H
| #  include <memory.h>
| # endif
| # include <string.h>
| #endif
| #ifdef HAVE_STRINGS_H
| # include <strings.h>
| #endif
| #ifdef HAVE_INTTYPES_H
| # include <inttypes.h>
| #endif
| #ifdef HAVE_STDINT_H
| # include <stdint.h>
| #endif
| #ifdef HAVE_UNISTD_H
| # include <unistd.h>
| #endif
| #include <lzo/lzo1x.h>
configure:8419: result: no
configure:8419: checking lzo/lzo1x.h presence
configure:8419: gcc -E    conftest.c
conftest.c:27:23: fatal error: lzo/lzo1x.h: No such file or directory
compilation terminated.
configure:8419: $? = 1
configure: failed program was:
| /* confdefs.h */
| #define PACKAGE_NAME "Xen Hypervisor Tools"
| #define PACKAGE_TARNAME "xen"
| #define PACKAGE_VERSION "4.12"
| #define PACKAGE_STRING "Xen Hypervisor Tools 4.12"
| #define PACKAGE_BUGREPORT "xen-devel@lists.xen.org"
| #define PACKAGE_URL "http://www.xen.org/"
| #define HAVE_QEMU_TRADITIONAL 1
| #define HAVE_LIBLZMA 1
| #define HAVE_ROMBIOS 1
| #define QEMU_XEN_PATH "/usr/local/lib/xen/bin/qemu-system-i386"
| #define SEABIOS_PATH "/usr/local/lib/xen/boot/seabios.bin"
| #define IPXE_PATH "/usr/local/lib/xen/boot/ipxe.bin"
| #define STDC_HEADERS 1
| #define HAVE_SYS_TYPES_H 1
| #define HAVE_SYS_STAT_H 1
| #define HAVE_STDLIB_H 1
| #define HAVE_STRING_H 1
| #define HAVE_MEMORY_H 1
| #define HAVE_STRINGS_H 1
| #define HAVE_INTTYPES_H 1
| #define HAVE_STDINT_H 1
| #define HAVE_UNISTD_H 1
| #define HAVE_LIBPYTHON2_7 1
| #define INCLUDE_CURSES_H <ncurses.h>
| /* end confdefs.h.  */
| #include <lzo/lzo1x.h>
configure:8419: result: no
configure:8419: checking for lzo/lzo1x.h
configure:8419: result: no
configure:8520: checking ext2fs/ext2fs.h usability
configure:8520: gcc -c -g -O2    conftest.c >&5
configure:8520: $? = 0
configure:8520: result: yes
configure:8520: checking ext2fs/ext2fs.h presence
configure:8520: gcc -E    conftest.c
configure:8520: $? = 0
configure:8520: result: yes
configure:8520: checking for ext2fs/ext2fs.h
configure:8520: result: yes
configure:8523: checking for ext2fs_open2 in -lext2fs
configure:8548: gcc -o conftest -g -O2       conftest.c -lext2fs  -lpython2.7 -llzma  >&5
configure:8548: $? = 0
configure:8557: result: yes
configure:8572: checking ext4fs/ext2fs.h usability
configure:8572: gcc -c -g -O2    conftest.c >&5
conftest.c:61:27: fatal error: ext4fs/ext2fs.h: No such file or directory
compilation terminated.
configure:8572: $? = 1
configure: failed program was:
| /* confdefs.h */
| #define PACKAGE_NAME "Xen Hypervisor Tools"
| #define PACKAGE_TARNAME "xen"
| #define PACKAGE_VERSION "4.12"
| #define PACKAGE_STRING "Xen Hypervisor Tools 4.12"
| #define PACKAGE_BUGREPORT "xen-devel@lists.xen.org"
| #define PACKAGE_URL "http://www.xen.org/"
| #define HAVE_QEMU_TRADITIONAL 1
| #define HAVE_LIBLZMA 1
| #define HAVE_ROMBIOS 1
| #define QEMU_XEN_PATH "/usr/local/lib/xen/bin/qemu-system-i386"
| #define SEABIOS_PATH "/usr/local/lib/xen/boot/seabios.bin"
| #define IPXE_PATH "/usr/local/lib/xen/boot/ipxe.bin"
| #define STDC_HEADERS 1
| #define HAVE_SYS_TYPES_H 1
| #define HAVE_SYS_STAT_H 1
| #define HAVE_STDLIB_H 1
| #define HAVE_STRING_H 1
| #define HAVE_MEMORY_H 1
| #define HAVE_STRINGS_H 1
| #define HAVE_INTTYPES_H 1
| #define HAVE_STDINT_H 1
| #define HAVE_UNISTD_H 1
| #define HAVE_LIBPYTHON2_7 1
| #define INCLUDE_CURSES_H <ncurses.h>
| #define INCLUDE_EXTFS_H <ext2fs/ext2fs.h>
| /* end confdefs.h.  */
| #include <stdio.h>
| #ifdef HAVE_SYS_TYPES_H
| # include <sys/types.h>
| #endif
| #ifdef HAVE_SYS_STAT_H
| # include <sys/stat.h>
| #endif
| #ifdef STDC_HEADERS
| # include <stdlib.h>
| # include <stddef.h>
| #else
| # ifdef HAVE_STDLIB_H
| #  include <stdlib.h>
| # endif
| #endif
| #ifdef HAVE_STRING_H
| # if !defined STDC_HEADERS && defined HAVE_MEMORY_H
| #  include <memory.h>
| # endif
| # include <string.h>
| #endif
| #ifdef HAVE_STRINGS_H
| # include <strings.h>
| #endif
| #ifdef HAVE_INTTYPES_H
| # include <inttypes.h>
| #endif
| #ifdef HAVE_STDINT_H
| # include <stdint.h>
| #endif
| #ifdef HAVE_UNISTD_H
| # include <unistd.h>
| #endif
| #include <ext4fs/ext2fs.h>
configure:8572: result: no
configure:8572: checking ext4fs/ext2fs.h presence
configure:8572: gcc -E    conftest.c
conftest.c:28:27: fatal error: ext4fs/ext2fs.h: No such file or directory
compilation terminated.
configure:8572: $? = 1
configure: failed program was:
| /* confdefs.h */
| #define PACKAGE_NAME "Xen Hypervisor Tools"
| #define PACKAGE_TARNAME "xen"
| #define PACKAGE_VERSION "4.12"
| #define PACKAGE_STRING "Xen Hypervisor Tools 4.12"
| #define PACKAGE_BUGREPORT "xen-devel@lists.xen.org"
| #define PACKAGE_URL "http://www.xen.org/"
| #define HAVE_QEMU_TRADITIONAL 1
| #define HAVE_LIBLZMA 1
| #define HAVE_ROMBIOS 1
| #define QEMU_XEN_PATH "/usr/local/lib/xen/bin/qemu-system-i386"
| #define SEABIOS_PATH "/usr/local/lib/xen/boot/seabios.bin"
| #define IPXE_PATH "/usr/local/lib/xen/boot/ipxe.bin"
| #define STDC_HEADERS 1
| #define HAVE_SYS_TYPES_H 1
| #define HAVE_SYS_STAT_H 1
| #define HAVE_STDLIB_H 1
| #define HAVE_STRING_H 1
| #define HAVE_MEMORY_H 1
| #define HAVE_STRINGS_H 1
| #define HAVE_INTTYPES_H 1
| #define HAVE_STDINT_H 1
| #define HAVE_UNISTD_H 1
| #define HAVE_LIBPYTHON2_7 1
| #define INCLUDE_CURSES_H <ncurses.h>
| #define INCLUDE_EXTFS_H <ext2fs/ext2fs.h>
| /* end confdefs.h.  */
| #include <ext4fs/ext2fs.h>
configure:8572: result: no
configure:8572: checking for ext4fs/ext2fs.h
configure:8572: result: no
configure:8627: checking for pthread flag
configure:8663: gcc -o conftest -g -O2 -pthread       -pthread conftest.c -lpython2.7 -llzma   >&5
conftest.c: In function 'main':
conftest.c:32:3: warning: null argument where non-null required (argument 1) [-Wnonnull]
   pthread_create(0,0,0,0);
   ^
conftest.c:32:3: warning: null argument where non-null required (argument 3) [-Wnonnull]
configure:8663: $? = 0
configure:8679: result: -pthread
configure:8696: checking libutil.h usability
configure:8696: gcc -c -g -O2    conftest.c >&5
conftest.c:61:21: fatal error: libutil.h: No such file or directory
compilation terminated.
configure:8696: $? = 1
configure: failed program was:
| /* confdefs.h */
| #define PACKAGE_NAME "Xen Hypervisor Tools"
| #define PACKAGE_TARNAME "xen"
| #define PACKAGE_VERSION "4.12"
| #define PACKAGE_STRING "Xen Hypervisor Tools 4.12"
| #define PACKAGE_BUGREPORT "xen-devel@lists.xen.org"
| #define PACKAGE_URL "http://www.xen.org/"
| #define HAVE_QEMU_TRADITIONAL 1
| #define HAVE_LIBLZMA 1
| #define HAVE_ROMBIOS 1
| #define QEMU_XEN_PATH "/usr/local/lib/xen/bin/qemu-system-i386"
| #define SEABIOS_PATH "/usr/local/lib/xen/boot/seabios.bin"
| #define IPXE_PATH "/usr/local/lib/xen/boot/ipxe.bin"
| #define STDC_HEADERS 1
| #define HAVE_SYS_TYPES_H 1
| #define HAVE_SYS_STAT_H 1
| #define HAVE_STDLIB_H 1
| #define HAVE_STRING_H 1
| #define HAVE_MEMORY_H 1
| #define HAVE_STRINGS_H 1
| #define HAVE_INTTYPES_H 1
| #define HAVE_STDINT_H 1
| #define HAVE_UNISTD_H 1
| #define HAVE_LIBPYTHON2_7 1
| #define INCLUDE_CURSES_H <ncurses.h>
| #define INCLUDE_EXTFS_H <ext2fs/ext2fs.h>
| /* end confdefs.h.  */
| #include <stdio.h>
| #ifdef HAVE_SYS_TYPES_H
| # include <sys/types.h>
| #endif
| #ifdef HAVE_SYS_STAT_H
| # include <sys/stat.h>
| #endif
| #ifdef STDC_HEADERS
| # include <stdlib.h>
| # include <stddef.h>
| #else
| # ifdef HAVE_STDLIB_H
| #  include <stdlib.h>
| # endif
| #endif
| #ifdef HAVE_STRING_H
| # if !defined STDC_HEADERS && defined HAVE_MEMORY_H
| #  include <memory.h>
| # endif
| # include <string.h>
| #endif
| #ifdef HAVE_STRINGS_H
| # include <strings.h>
| #endif
| #ifdef HAVE_INTTYPES_H
| # include <inttypes.h>
| #endif
| #ifdef HAVE_STDINT_H
| # include <stdint.h>
| #endif
| #ifdef HAVE_UNISTD_H
| # include <unistd.h>
| #endif
| #include <libutil.h>
configure:8696: result: no
configure:8696: checking libutil.h presence
configure:8696: gcc -E    conftest.c
conftest.c:28:21: fatal error: libutil.h: No such file or directory
compilation terminated.
configure:8696: $? = 1
configure: failed program was:
| /* confdefs.h */
| #define PACKAGE_NAME "Xen Hypervisor Tools"
| #define PACKAGE_TARNAME "xen"
| #define PACKAGE_VERSION "4.12"
| #define PACKAGE_STRING "Xen Hypervisor Tools 4.12"
| #define PACKAGE_BUGREPORT "xen-devel@lists.xen.org"
| #define PACKAGE_URL "http://www.xen.org/"
| #define HAVE_QEMU_TRADITIONAL 1
| #define HAVE_LIBLZMA 1
| #define HAVE_ROMBIOS 1
| #define QEMU_XEN_PATH "/usr/local/lib/xen/bin/qemu-system-i386"
| #define SEABIOS_PATH "/usr/local/lib/xen/boot/seabios.bin"
| #define IPXE_PATH "/usr/local/lib/xen/boot/ipxe.bin"
| #define STDC_HEADERS 1
| #define HAVE_SYS_TYPES_H 1
| #define HAVE_SYS_STAT_H 1
| #define HAVE_STDLIB_H 1
| #define HAVE_STRING_H 1
| #define HAVE_MEMORY_H 1
| #define HAVE_STRINGS_H 1
| #define HAVE_INTTYPES_H 1
| #define HAVE_STDINT_H 1
| #define HAVE_UNISTD_H 1
| #define HAVE_LIBPYTHON2_7 1
| #define INCLUDE_CURSES_H <ncurses.h>
| #define INCLUDE_EXTFS_H <ext2fs/ext2fs.h>
| /* end confdefs.h.  */
| #include <libutil.h>
configure:8696: result: no
configure:8696: checking for libutil.h
configure:8696: result: no
configure:8709: checking for openpty et al
configure:8738: gcc -o conftest -g -O2       conftest.c -lpython2.7 -llzma  -lutil >&5
conftest.c: In function 'main':
conftest.c:33:3: warning: implicit declaration of function 'openpty' [-Wimplicit-function-declaration]
   openpty(0,0,0,0,0);
   ^
conftest.c:34:3: warning: implicit declaration of function 'login_tty' [-Wimplicit-function-declaration]
   login_tty(0);
   ^
configure:8738: $? = 0
configure:8751: result: -lutil
configure:8756: checking for yajl_alloc in -lyajl
configure:8781: gcc -o conftest -g -O2       conftest.c -lyajl  -lpython2.7 -llzma  -lutil >&5
configure:8781: $? = 0
configure:8790: result: yes
configure:8803: checking for deflateCopy in -lz
configure:8828: gcc -o conftest -g -O2       conftest.c -lz  -lyajl -lpython2.7 -llzma  -lutil >&5
configure:8828: $? = 0
configure:8837: result: yes
configure:8850: checking for libiconv_open in -liconv
configure:8875: gcc -o conftest -g -O2       conftest.c -liconv  -lz -lyajl -lpython2.7 -llzma  -lutil >&5
/usr/bin/ld: cannot find -liconv
collect2: error: ld returned 1 exit status
configure:8875: $? = 1
configure: failed program was:
| /* confdefs.h */
| #define PACKAGE_NAME "Xen Hypervisor Tools"
| #define PACKAGE_TARNAME "xen"
| #define PACKAGE_VERSION "4.12"
| #define PACKAGE_STRING "Xen Hypervisor Tools 4.12"
| #define PACKAGE_BUGREPORT "xen-devel@lists.xen.org"
| #define PACKAGE_URL "http://www.xen.org/"
| #define HAVE_QEMU_TRADITIONAL 1
| #define HAVE_LIBLZMA 1
| #define HAVE_ROMBIOS 1
| #define QEMU_XEN_PATH "/usr/local/lib/xen/bin/qemu-system-i386"
| #define SEABIOS_PATH "/usr/local/lib/xen/boot/seabios.bin"
| #define IPXE_PATH "/usr/local/lib/xen/boot/ipxe.bin"
| #define STDC_HEADERS 1
| #define HAVE_SYS_TYPES_H 1
| #define HAVE_SYS_STAT_H 1
| #define HAVE_STDLIB_H 1
| #define HAVE_STRING_H 1
| #define HAVE_MEMORY_H 1
| #define HAVE_STRINGS_H 1
| #define HAVE_INTTYPES_H 1
| #define HAVE_STDINT_H 1
| #define HAVE_UNISTD_H 1
| #define HAVE_LIBPYTHON2_7 1
| #define INCLUDE_CURSES_H <ncurses.h>
| #define INCLUDE_EXTFS_H <ext2fs/ext2fs.h>
| #define HAVE_LIBYAJL 1
| #define HAVE_LIBZ 1
| /* end confdefs.h.  */
| 
| /* Override any GCC internal prototype to avoid an error.
|    Use char because int might match the return type of a GCC
|    builtin and then its argument prototype would still apply.  */
| #ifdef __cplusplus
| extern "C"
| #endif
| char libiconv_open ();
| int
| main ()
| {
| return libiconv_open ();
|   ;
|   return 0;
| }
configure:8884: result: no
configure:8893: checking argp.h usability
configure:8893: gcc -c -g -O2    conftest.c >&5
configure:8893: $? = 0
configure:8893: result: yes
configure:8893: checking argp.h presence
configure:8893: gcc -E    conftest.c
configure:8893: $? = 0
configure:8893: result: yes
configure:8893: checking for argp.h
configure:8893: result: yes
configure:8896: checking for argp_usage in -largp
configure:8921: gcc -o conftest -g -O2       conftest.c -largp  -lz -lyajl -lpython2.7 -llzma  -lutil >&5
/usr/bin/ld: cannot find -largp
collect2: error: ld returned 1 exit status
configure:8921: $? = 1
configure: failed program was:
| /* confdefs.h */
| #define PACKAGE_NAME "Xen Hypervisor Tools"
| #define PACKAGE_TARNAME "xen"
| #define PACKAGE_VERSION "4.12"
| #define PACKAGE_STRING "Xen Hypervisor Tools 4.12"
| #define PACKAGE_BUGREPORT "xen-devel@lists.xen.org"
| #define PACKAGE_URL "http://www.xen.org/"
| #define HAVE_QEMU_TRADITIONAL 1
| #define HAVE_LIBLZMA 1
| #define HAVE_ROMBIOS 1
| #define QEMU_XEN_PATH "/usr/local/lib/xen/bin/qemu-system-i386"
| #define SEABIOS_PATH "/usr/local/lib/xen/boot/seabios.bin"
| #define IPXE_PATH "/usr/local/lib/xen/boot/ipxe.bin"
| #define STDC_HEADERS 1
| #define HAVE_SYS_TYPES_H 1
| #define HAVE_SYS_STAT_H 1
| #define HAVE_STDLIB_H 1
| #define HAVE_STRING_H 1
| #define HAVE_MEMORY_H 1
| #define HAVE_STRINGS_H 1
| #define HAVE_INTTYPES_H 1
| #define HAVE_STDINT_H 1
| #define HAVE_UNISTD_H 1
| #define HAVE_LIBPYTHON2_7 1
| #define INCLUDE_CURSES_H <ncurses.h>
| #define INCLUDE_EXTFS_H <ext2fs/ext2fs.h>
| #define HAVE_LIBYAJL 1
| #define HAVE_LIBZ 1
| /* end confdefs.h.  */
| 
| /* Override any GCC internal prototype to avoid an error.
|    Use char because int might match the return type of a GCC
|    builtin and then its argument prototype would still apply.  */
| #ifdef __cplusplus
| extern "C"
| #endif
| char argp_usage ();
| int
| main ()
| {
| return argp_usage ();
|   ;
|   return 0;
| }
configure:8930: result: no
configure:9077: checking yajl/yajl_version.h usability
configure:9077: gcc -c -g -O2    conftest.c >&5
configure:9077: $? = 0
configure:9077: result: yes
configure:9077: checking yajl/yajl_version.h presence
configure:9077: gcc -E    conftest.c
configure:9077: $? = 0
configure:9077: result: yes
configure:9077: checking for yajl/yajl_version.h
configure:9077: result: yes
configure:9077: checking sys/eventfd.h usability
configure:9077: gcc -c -g -O2    conftest.c >&5
configure:9077: $? = 0
configure:9077: result: yes
configure:9077: checking sys/eventfd.h presence
configure:9077: gcc -E    conftest.c
configure:9077: $? = 0
configure:9077: result: yes
configure:9077: checking for sys/eventfd.h
configure:9077: result: yes
configure:9077: checking valgrind/memcheck.h usability
configure:9077: gcc -c -g -O2    conftest.c >&5
conftest.c:65:31: fatal error: valgrind/memcheck.h: No such file or directory
compilation terminated.
configure:9077: $? = 1
configure: failed program was:
| /* confdefs.h */
| #define PACKAGE_NAME "Xen Hypervisor Tools"
| #define PACKAGE_TARNAME "xen"
| #define PACKAGE_VERSION "4.12"
| #define PACKAGE_STRING "Xen Hypervisor Tools 4.12"
| #define PACKAGE_BUGREPORT "xen-devel@lists.xen.org"
| #define PACKAGE_URL "http://www.xen.org/"
| #define HAVE_QEMU_TRADITIONAL 1
| #define HAVE_LIBLZMA 1
| #define HAVE_ROMBIOS 1
| #define QEMU_XEN_PATH "/usr/local/lib/xen/bin/qemu-system-i386"
| #define SEABIOS_PATH "/usr/local/lib/xen/boot/seabios.bin"
| #define IPXE_PATH "/usr/local/lib/xen/boot/ipxe.bin"
| #define STDC_HEADERS 1
| #define HAVE_SYS_TYPES_H 1
| #define HAVE_SYS_STAT_H 1
| #define HAVE_STDLIB_H 1
| #define HAVE_STRING_H 1
| #define HAVE_MEMORY_H 1
| #define HAVE_STRINGS_H 1
| #define HAVE_INTTYPES_H 1
| #define HAVE_STDINT_H 1
| #define HAVE_UNISTD_H 1
| #define HAVE_LIBPYTHON2_7 1
| #define INCLUDE_CURSES_H <ncurses.h>
| #define INCLUDE_EXTFS_H <ext2fs/ext2fs.h>
| #define HAVE_LIBYAJL 1
| #define HAVE_LIBZ 1
| #define HAVE_YAJL_YAJL_VERSION_H 1
| #define HAVE_SYS_EVENTFD_H 1
| /* end confdefs.h.  */
| #include <stdio.h>
| #ifdef HAVE_SYS_TYPES_H
| # include <sys/types.h>
| #endif
| #ifdef HAVE_SYS_STAT_H
| # include <sys/stat.h>
| #endif
| #ifdef STDC_HEADERS
| # include <stdlib.h>
| # include <stddef.h>
| #else
| # ifdef HAVE_STDLIB_H
| #  include <stdlib.h>
| # endif
| #endif
| #ifdef HAVE_STRING_H
| # if !defined STDC_HEADERS && defined HAVE_MEMORY_H
| #  include <memory.h>
| # endif
| # include <string.h>
| #endif
| #ifdef HAVE_STRINGS_H
| # include <strings.h>
| #endif
| #ifdef HAVE_INTTYPES_H
| # include <inttypes.h>
| #endif
| #ifdef HAVE_STDINT_H
| # include <stdint.h>
| #endif
| #ifdef HAVE_UNISTD_H
| # include <unistd.h>
| #endif
| #include <valgrind/memcheck.h>
configure:9077: result: no
configure:9077: checking valgrind/memcheck.h presence
configure:9077: gcc -E    conftest.c
conftest.c:32:31: fatal error: valgrind/memcheck.h: No such file or directory
compilation terminated.
configure:9077: $? = 1
configure: failed program was:
| /* confdefs.h */
| #define PACKAGE_NAME "Xen Hypervisor Tools"
| #define PACKAGE_TARNAME "xen"
| #define PACKAGE_VERSION "4.12"
| #define PACKAGE_STRING "Xen Hypervisor Tools 4.12"
| #define PACKAGE_BUGREPORT "xen-devel@lists.xen.org"
| #define PACKAGE_URL "http://www.xen.org/"
| #define HAVE_QEMU_TRADITIONAL 1
| #define HAVE_LIBLZMA 1
| #define HAVE_ROMBIOS 1
| #define QEMU_XEN_PATH "/usr/local/lib/xen/bin/qemu-system-i386"
| #define SEABIOS_PATH "/usr/local/lib/xen/boot/seabios.bin"
| #define IPXE_PATH "/usr/local/lib/xen/boot/ipxe.bin"
| #define STDC_HEADERS 1
| #define HAVE_SYS_TYPES_H 1
| #define HAVE_SYS_STAT_H 1
| #define HAVE_STDLIB_H 1
| #define HAVE_STRING_H 1
| #define HAVE_MEMORY_H 1
| #define HAVE_STRINGS_H 1
| #define HAVE_INTTYPES_H 1
| #define HAVE_STDINT_H 1
| #define HAVE_UNISTD_H 1
| #define HAVE_LIBPYTHON2_7 1
| #define INCLUDE_CURSES_H <ncurses.h>
| #define INCLUDE_EXTFS_H <ext2fs/ext2fs.h>
| #define HAVE_LIBYAJL 1
| #define HAVE_LIBZ 1
| #define HAVE_YAJL_YAJL_VERSION_H 1
| #define HAVE_SYS_EVENTFD_H 1
| /* end confdefs.h.  */
| #include <valgrind/memcheck.h>
configure:9077: result: no
configure:9077: checking for valgrind/memcheck.h
configure:9077: result: no
configure:9077: checking utmp.h usability
configure:9077: gcc -c -g -O2    conftest.c >&5
configure:9077: $? = 0
configure:9077: result: yes
configure:9077: checking utmp.h presence
configure:9077: gcc -E    conftest.c
configure:9077: $? = 0
configure:9077: result: yes
configure:9077: checking for utmp.h
configure:9077: result: yes
configure:9091: checking for LIBNL3
configure:9098: $PKG_CONFIG --exists --print-errors "libnl-3.0 >= 3.2.8 libnl-route-3.0 >= 3.2.8"
Package libnl-3.0 was not found in the pkg-config search path.
Perhaps you should add the directory containing `libnl-3.0.pc'
to the PKG_CONFIG_PATH environment variable
No package 'libnl-3.0' found
Package libnl-route-3.0 was not found in the pkg-config search path.
Perhaps you should add the directory containing `libnl-route-3.0.pc'
to the PKG_CONFIG_PATH environment variable
No package 'libnl-route-3.0' found
configure:9101: $? = 1
configure:9115: $PKG_CONFIG --exists --print-errors "libnl-3.0 >= 3.2.8 libnl-route-3.0 >= 3.2.8"
Package libnl-3.0 was not found in the pkg-config search path.
Perhaps you should add the directory containing `libnl-3.0.pc'
to the PKG_CONFIG_PATH environment variable
No package 'libnl-3.0' found
Package libnl-route-3.0 was not found in the pkg-config search path.
Perhaps you should add the directory containing `libnl-route-3.0.pc'
to the PKG_CONFIG_PATH environment variable
No package 'libnl-route-3.0' found
configure:9118: $? = 1
configure:9132: result: no
No package 'libnl-3.0' found
No package 'libnl-route-3.0' found
configure:9165: WARNING: Disabling support for Remus network buffering and COLO.
    Please install libnl3 libraries (including libnl3-route), command line tools and devel
    headers - version 3.2.8 or higher
configure:9234: checking for SYSTEMD
configure:9241: $PKG_CONFIG --exists --print-errors "libsystemd-daemon"
Package libsystemd-daemon was not found in the pkg-config search path.
Perhaps you should add the directory containing `libsystemd-daemon.pc'
to the PKG_CONFIG_PATH environment variable
No package 'libsystemd-daemon' found
configure:9244: $? = 1
configure:9258: $PKG_CONFIG --exists --print-errors "libsystemd-daemon"
Package libsystemd-daemon was not found in the pkg-config search path.
Perhaps you should add the directory containing `libsystemd-daemon.pc'
to the PKG_CONFIG_PATH environment variable
No package 'libsystemd-daemon' found
configure:9261: $? = 1
configure:9275: result: no
No package 'libsystemd-daemon' found
configure:9294: checking for SYSTEMD
configure:9301: $PKG_CONFIG --exists --print-errors "libsystemd >= 209"
Package libsystemd was not found in the pkg-config search path.
Perhaps you should add the directory containing `libsystemd.pc'
to the PKG_CONFIG_PATH environment variable
No package 'libsystemd' found
configure:9304: $? = 1
configure:9318: $PKG_CONFIG --exists --print-errors "libsystemd >= 209"
Package libsystemd was not found in the pkg-config search path.
Perhaps you should add the directory containing `libsystemd.pc'
to the PKG_CONFIG_PATH environment variable
No package 'libsystemd' found
configure:9321: $? = 1
configure:9335: result: no
No package 'libsystemd' found
configure:9888: creating ./config.status

## ---------------------- ##
## Running config.status. ##
## ---------------------- ##

This file was extended by Xen Hypervisor Tools config.status 4.12, which was
generated by GNU Autoconf 2.69.  Invocation command line was

  CONFIG_FILES    = 
  CONFIG_HEADERS  = 
  CONFIG_LINKS    = 
  CONFIG_COMMANDS = 
  $ ./config.status 

on rtlabuser-XPS-8500

config.status:955: creating ../config/Tools.mk
config.status:955: creating hotplug/FreeBSD/rc.d/xencommons
config.status:955: creating hotplug/FreeBSD/rc.d/xendriverdomain
config.status:955: creating hotplug/Linux/init.d/sysconfig.xencommons
config.status:955: creating hotplug/Linux/init.d/sysconfig.xendomains
config.status:955: creating hotplug/Linux/init.d/xen-watchdog
config.status:955: creating hotplug/Linux/init.d/xencommons
config.status:955: creating hotplug/Linux/init.d/xendomains
config.status:955: creating hotplug/Linux/init.d/xendriverdomain
config.status:955: creating hotplug/Linux/launch-xenstore
config.status:955: creating hotplug/Linux/vif-setup
config.status:955: creating hotplug/Linux/xen-hotplug-common.sh
config.status:955: creating hotplug/Linux/xendomains
config.status:955: creating hotplug/NetBSD/rc.d/xencommons
config.status:955: creating hotplug/NetBSD/rc.d/xendriverdomain
config.status:955: creating ocaml/xenstored/oxenstored.conf
config.status:955: creating config.h
config.status:1130: config.h is unchanged

## ---------------- ##
## Cache variables. ##
## ---------------- ##

ac_cv_build=x86_64-unknown-linux-gnu
ac_cv_c_compiler_gnu=yes
ac_cv_env_APPEND_INCLUDES_set=
ac_cv_env_APPEND_INCLUDES_value=
ac_cv_env_APPEND_LIB_set=
ac_cv_env_APPEND_LIB_value=
ac_cv_env_AS86_set=
ac_cv_env_AS86_value=
ac_cv_env_AWK_set=
ac_cv_env_AWK_value=
ac_cv_env_BASH_set=set
ac_cv_env_BASH_value=/bin/bash
ac_cv_env_BCC_set=
ac_cv_env_BCC_value=
ac_cv_env_BISON_set=
ac_cv_env_BISON_value=
ac_cv_env_CC_set=
ac_cv_env_CC_value=
ac_cv_env_CFLAGS_set=
ac_cv_env_CFLAGS_value=
ac_cv_env_CPPFLAGS_set=
ac_cv_env_CPPFLAGS_value=
ac_cv_env_CPP_set=
ac_cv_env_CPP_value=
ac_cv_env_FLEX_set=
ac_cv_env_FLEX_value=
ac_cv_env_IASL_set=
ac_cv_env_IASL_value=
ac_cv_env_LD86_set=
ac_cv_env_LD86_value=
ac_cv_env_LDFLAGS_set=
ac_cv_env_LDFLAGS_value=
ac_cv_env_LIBNL3_CFLAGS_set=
ac_cv_env_LIBNL3_CFLAGS_value=
ac_cv_env_LIBNL3_LIBS_set=
ac_cv_env_LIBNL3_LIBS_value=
ac_cv_env_LIBS_set=
ac_cv_env_LIBS_value=
ac_cv_env_PERL_set=
ac_cv_env_PERL_value=
ac_cv_env_PKG_CONFIG_LIBDIR_set=
ac_cv_env_PKG_CONFIG_LIBDIR_value=
ac_cv_env_PKG_CONFIG_PATH_set=
ac_cv_env_PKG_CONFIG_PATH_value=
ac_cv_env_PKG_CONFIG_set=
ac_cv_env_PKG_CONFIG_value=
ac_cv_env_PREPEND_INCLUDES_set=
ac_cv_env_PREPEND_INCLUDES_value=
ac_cv_env_PREPEND_LIB_set=
ac_cv_env_PREPEND_LIB_value=
ac_cv_env_PYTHON_set=
ac_cv_env_PYTHON_value=
ac_cv_env_SYSTEMD_CFLAGS_set=
ac_cv_env_SYSTEMD_CFLAGS_value=
ac_cv_env_SYSTEMD_LIBS_set=
ac_cv_env_SYSTEMD_LIBS_value=
ac_cv_env_XGETTEXT_set=
ac_cv_env_XGETTEXT_value=
ac_cv_env_build_alias_set=
ac_cv_env_build_alias_value=
ac_cv_env_glib_CFLAGS_set=
ac_cv_env_glib_CFLAGS_value=
ac_cv_env_glib_LIBS_set=
ac_cv_env_glib_LIBS_value=
ac_cv_env_host_alias_set=
ac_cv_env_host_alias_value=
ac_cv_env_pixman_CFLAGS_set=
ac_cv_env_pixman_CFLAGS_value=
ac_cv_env_pixman_LIBS_set=
ac_cv_env_pixman_LIBS_value=
ac_cv_env_target_alias_set=
ac_cv_env_target_alias_value=
ac_cv_header_Python_h=yes
ac_cv_header_argp_h=yes
ac_cv_header_bzlib_h=yes
ac_cv_header_curses_h=yes
ac_cv_header_ext2fs_ext2fs_h=yes
ac_cv_header_ext4fs_ext2fs_h=no
ac_cv_header_inttypes_h=yes
ac_cv_header_libutil_h=no
ac_cv_header_lzma_h=yes
ac_cv_header_lzo_lzo1x_h=no
ac_cv_header_memory_h=yes
ac_cv_header_ncurses_h=yes
ac_cv_header_stdc=yes
ac_cv_header_stdint_h=yes
ac_cv_header_stdlib_h=yes
ac_cv_header_string_h=yes
ac_cv_header_strings_h=yes
ac_cv_header_sys_eventfd_h=yes
ac_cv_header_sys_stat_h=yes
ac_cv_header_sys_types_h=yes
ac_cv_header_unistd_h=yes
ac_cv_header_utmp_h=yes
ac_cv_header_uuid_h=no
ac_cv_header_uuid_uuid_h=yes
ac_cv_header_valgrind_memcheck_h=no
ac_cv_header_yajl_yajl_version_h=yes
ac_cv_host=x86_64-unknown-linux-gnu
ac_cv_lib_argp_argp_usage=no
ac_cv_lib_bz2_BZ2_bzDecompressInit=yes
ac_cv_lib_curses_clear=yes
ac_cv_lib_ext2fs_ext2fs_open2=yes
ac_cv_lib_iconv_libiconv_open=no
ac_cv_lib_lzma_lzma_stream_decoder=yes
ac_cv_lib_lzma_lzma_version_number=yes
ac_cv_lib_ncurses_clear=yes
ac_cv_lib_python2_7___PyArg_ParseTuple=yes
ac_cv_lib_tinfo_define_key=yes
ac_cv_lib_uuid_uuid_clear=yes
ac_cv_lib_yajl_yajl_alloc=yes
ac_cv_lib_z_deflateCopy=yes
ac_cv_objext=o
ac_cv_path_AS86=/usr/bin/as86
ac_cv_path_AWK=/usr/bin/awk
ac_cv_path_BASH=/bin/bash
ac_cv_path_BCC=/usr/bin/bcc
ac_cv_path_BISON=/usr/bin/bison
ac_cv_path_EGREP='/bin/grep -E'
ac_cv_path_FLEX=/usr/bin/flex
ac_cv_path_GREP=/bin/grep
ac_cv_path_IASL=/usr/bin/iasl
ac_cv_path_LD86=/usr/bin/ld86
ac_cv_path_PERL=/usr/bin/perl
ac_cv_path_PYTHONPATH=/usr/bin/python
ac_cv_path_WGET=/usr/bin/wget
ac_cv_path_XGETTEXT=/usr/bin/xgettext
ac_cv_path_ac_pt_PKG_CONFIG=/usr/bin/pkg-config
ac_cv_path_install='/usr/bin/install -c'
ac_cv_path_pyconfig=/usr/bin/python-config
ac_cv_prog_AWK=/usr/bin/awk
ac_cv_prog_CPP='gcc -E'
ac_cv_prog_ac_ct_CC=gcc
ac_cv_prog_ac_ct_OCAML=ocaml
ac_cv_prog_ac_ct_OCAMLBUILD=ocamlbuild
ac_cv_prog_ac_ct_OCAMLC=ocamlc
ac_cv_prog_ac_ct_OCAMLDEP=ocamldep
ac_cv_prog_ac_ct_OCAMLDOC=ocamldoc
ac_cv_prog_ac_ct_OCAMLFIND=ocamlfind
ac_cv_prog_ac_ct_OCAMLMKLIB=ocamlmklib
ac_cv_prog_ac_ct_OCAMLMKTOP=ocamlmktop
ac_cv_prog_ac_ct_OCAMLOPT=ocamlopt
ac_cv_prog_cc_c89=
ac_cv_prog_cc_g=yes
ac_cv_prog_make_make_set=yes
ac_cv_sys_file_offset_bits=no
ac_cv_sys_largefile_CC=no
ax_cv_githttp=n
ax_cv_monitors=y
ax_cv_ocamltools=y
ax_cv_ovmf=n
ax_cv_pthread_flags=-pthread
ax_cv_ptyfuncs_libs=-lutil
ax_cv_python_fortify=yes
ax_cv_rpath=n
ax_cv_seabios=y
ax_cv_systemd=n
ax_cv_xsmpolicy=y
pkg_cv_glib_CFLAGS='-I/usr/include/glib-2.0 -I/usr/lib/x86_64-linux-gnu/glib-2.0/include'
pkg_cv_glib_LIBS=-lglib-2.0
pkg_cv_pixman_CFLAGS=-I/usr/include/pixman-1
pkg_cv_pixman_LIBS=-lpixman-1

## ----------------- ##
## Output variables. ##
## ----------------- ##

APPEND_INCLUDES=''
APPEND_LIB=''
AS86='/usr/bin/as86'
AWK='/usr/bin/awk'
BASH='/bin/bash'
BCC='/usr/bin/bcc'
BISON='/usr/bin/bison'
CC='gcc'
CFLAGS='-g -O2'
CHECKPOLICY='no'
CONFIG_DIR='/etc'
CONFIG_LEAF_DIR='default'
CONFIG_RUMP='n'
CPP='gcc -E'
CPPFLAGS='  '
CURSES_LIBS='-lncurses'
DEBUG_DIR='/usr/local/lib/debug'
DEFS='-DHAVE_CONFIG_H'
ECHO_C=''
ECHO_N='-n'
ECHO_T=''
EGREP='/bin/grep -E'
EXEEXT=''
EXTFS_LIBS='-lext2fs'
EXTRA_QEMUU_CONFIGURE_ARGS=''
FETCHER='/usr/bin/wget -c -O'
FILE_OFFSET_BITS=''
FLEX='/usr/bin/flex'
FTP=''
GREP='/bin/grep'
IASL='/usr/bin/iasl'
INITD_DIR='/etc/init.d'
INSTALL_DATA='${INSTALL} -m 644'
INSTALL_PROGRAM='${INSTALL}'
INSTALL_SCRIPT='${INSTALL}'
LD86='/usr/bin/ld86'
LDFLAGS='  '
LIBEXEC='/usr/local/lib/xen'
LIBEXEC_BIN='/usr/local/lib/xen/bin'
LIBEXEC_INC='/usr/local/lib/xen/include'
LIBEXEC_LIB='/usr/local/lib/xen/lib'
LIBNL3_CFLAGS=''
LIBNL3_LIBS=''
LIBOBJS=''
LIBS='-lz -lyajl -lpython2.7 -llzma  -lutil'
LINUX_BACKEND_MODULES='xen-evtchn xen-gntdev xen-gntalloc xen-blkback xen-netback xen-pciback evtchn gntdev netbk blkbk xen-scsibk usbbk pciback xen-acpi-processor blktap2'
LTLIBOBJS=''
OBJEXT='o'
OCAML='ocaml'
OCAMLBEST='opt'
OCAMLBUILD='ocamlbuild'
OCAMLC='ocamlc'
OCAMLCDOTOPT='no'
OCAMLDEP='ocamldep'
OCAMLDOC='ocamldoc'
OCAMLFIND='ocamlfind'
OCAMLLIB='/usr/lib/ocaml'
OCAMLMKLIB='ocamlmklib'
OCAMLMKTOP='ocamlmktop'
OCAMLOPT='ocamlopt'
OCAMLOPTDOTOPT='no'
OCAMLVERSION='4.02.3'
PACKAGE_BUGREPORT='xen-devel@lists.xen.org'
PACKAGE_NAME='Xen Hypervisor Tools'
PACKAGE_STRING='Xen Hypervisor Tools 4.12'
PACKAGE_TARNAME='xen'
PACKAGE_URL='http://www.xen.org/'
PACKAGE_VERSION='4.12'
PATH_SEPARATOR=':'
PERL='/usr/bin/perl'
PKG_CONFIG='/usr/bin/pkg-config'
PKG_CONFIG_LIBDIR=''
PKG_CONFIG_PATH=''
PREPEND_INCLUDES=''
PREPEND_LIB=''
PTHREAD_CFLAGS='-pthread'
PTHREAD_LDFLAGS='-pthread'
PTHREAD_LIBS=''
PTYFUNCS_LIBS='-lutil'
PYTHON='python'
PYTHONPATH='/usr/bin/python'
PY_NOOPT_CFLAGS='-O1'
SET_MAKE=''
SHAREDIR='/usr/local/share'
SHELL='/bin/bash'
SYSTEMD_CFLAGS=''
SYSTEMD_DIR=''
SYSTEMD_LIBS=''
SYSTEMD_MODULES_LOAD=''
TINFO_LIBS='-ltinfo'
WGET='/usr/bin/wget'
XENFIRMWAREDIR='/usr/local/lib/xen/boot'
XENSTORED='/usr/local/sbin/oxenstored'
XENSTORED_KVA='/proc/xen/xsd_kva'
XENSTORED_PORT='/proc/xen/xsd_port'
XEN_CONFIG_DIR='/etc/xen'
XEN_DUMP_DIR='/var/lib/xen/dump'
XEN_LIB_DIR='/var/lib/xen'
XEN_LIB_STORED='/var/lib/xenstored'
XEN_LOCK_DIR='/var/lock'
XEN_LOG_DIR='/var/log/xen'
XEN_PAGING_DIR='/var/lib/xen/xenpaging'
XEN_RUN_DIR='/var/run/xen'
XEN_RUN_STORED='/var/run/xenstored'
XEN_SCRIPT_DIR='/etc/xen/scripts'
XGETTEXT='/usr/bin/xgettext'
ac_ct_CC='gcc'
argp_ldflags=''
bindir='/usr/local/bin'
blktap2='n'
build='x86_64-unknown-linux-gnu'
build_alias=''
build_cpu='x86_64'
build_os='linux-gnu'
build_vendor='unknown'
datadir='${datarootdir}'
datarootdir='${prefix}/share'
docdir='${datarootdir}/doc/${PACKAGE_TARNAME}'
dvidir='${docdir}'
exec_prefix='/usr/local'
githttp='n'
glib_CFLAGS='-I/usr/include/glib-2.0 -I/usr/lib/x86_64-linux-gnu/glib-2.0/include'
glib_LIBS='-lglib-2.0'
host='x86_64-unknown-linux-gnu'
host_alias=''
host_cpu='x86_64'
host_os='linux-gnu'
host_vendor='unknown'
htmldir='${docdir}'
includedir='${prefix}/include'
infodir='${datarootdir}/info'
ipxe='y'
libdir='/usr/local/lib'
libexecdir='${exec_prefix}/lib'
libiconv='n'
libnl='n'
localedir='${datarootdir}/locale'
localstatedir='/var'
mandir='${datarootdir}/man'
monitors='y'
ninepfs=''
ocamltools='y'
oldincludedir='/usr/include'
ovmf='n'
pdfdir='${docdir}'
pixman_CFLAGS='-I/usr/include/pixman-1'
pixman_LIBS='-lpixman-1'
prefix='/usr/local'
program_transform_name='s,x,x,'
psdir='${docdir}'
pyconfig='/usr/bin/python-config'
qemu_traditional='y'
qemu_xen='y'
qemu_xen_path='/usr/local/lib/xen/bin/qemu-system-i386'
qemu_xen_systemd='/usr/local/lib/xen/bin/qemu-system-i386'
rombios='y'
rpath='n'
runstatedir='${localstatedir}/run'
sbindir='/usr/local/sbin'
seabios='y'
sharedstatedir='${prefix}/com'
sysconfdir='/etc'
system_aio=''
systemd='n'
target_alias=''
xsmpolicy='n'
zlib=' -DHAVE_BZLIB -lbz2 -DHAVE_LZMA -llzma'

## ----------- ##
## confdefs.h. ##
## ----------- ##

/* confdefs.h */
#define PACKAGE_NAME "Xen Hypervisor Tools"
#define PACKAGE_TARNAME "xen"
#define PACKAGE_VERSION "4.12"
#define PACKAGE_STRING "Xen Hypervisor Tools 4.12"
#define PACKAGE_BUGREPORT "xen-devel@lists.xen.org"
#define PACKAGE_URL "http://www.xen.org/"
#define HAVE_QEMU_TRADITIONAL 1
#define HAVE_LIBLZMA 1
#define HAVE_ROMBIOS 1
#define QEMU_XEN_PATH "/usr/local/lib/xen/bin/qemu-system-i386"
#define SEABIOS_PATH "/usr/local/lib/xen/boot/seabios.bin"
#define IPXE_PATH "/usr/local/lib/xen/boot/ipxe.bin"
#define STDC_HEADERS 1
#define HAVE_SYS_TYPES_H 1
#define HAVE_SYS_STAT_H 1
#define HAVE_STDLIB_H 1
#define HAVE_STRING_H 1
#define HAVE_MEMORY_H 1
#define HAVE_STRINGS_H 1
#define HAVE_INTTYPES_H 1
#define HAVE_STDINT_H 1
#define HAVE_UNISTD_H 1
#define HAVE_LIBPYTHON2_7 1
#define INCLUDE_CURSES_H <ncurses.h>
#define INCLUDE_EXTFS_H <ext2fs/ext2fs.h>
#define HAVE_LIBYAJL 1
#define HAVE_LIBZ 1
#define HAVE_YAJL_YAJL_VERSION_H 1
#define HAVE_SYS_EVENTFD_H 1
#define HAVE_UTMP_H 1

configure: exit 0
