This file contains any messages produced by compilers while
running configure, to aid debugging if configure makes a mistake.

It was created by Xen Hypervisor Stub Domains configure 4.12, which was
generated by GNU Autoconf 2.69.  Invocation command line was

  $ ./configure --disable-option-checking --prefix=/usr/local --cache-file=/dev/null --srcdir=.

## --------- ##
## Platform. ##
## --------- ##

hostname = rtlabuser-XPS-8500
uname -m = x86_64
uname -r = 4.4.0-170-generic
uname -s = Linux
uname -v = #199-Ubuntu SMP Thu Nov 14 01:45:04 UTC 2019

/usr/bin/uname -p = unknown
/bin/uname -X     = unknown

/bin/arch              = unknown
/usr/bin/arch -k       = unknown
/usr/convex/getsysinfo = unknown
/usr/bin/hostinfo      = unknown
/bin/machine           = unknown
/usr/bin/oslevel       = unknown
/bin/universe          = unknown

PATH: /usr/local/sbin
PATH: /usr/local/bin
PATH: /usr/sbin
PATH: /usr/bin
PATH: /sbin
PATH: /bin
PATH: /snap/bin


## ----------- ##
## Core tests. ##
## ----------- ##

configure:1881: checking build system type
configure:1895: result: x86_64-unknown-linux-gnu
configure:1915: checking host system type
configure:1928: result: x86_64-unknown-linux-gnu
configure:2326: checking for wget
configure:2344: found /usr/bin/wget
configure:2357: result: /usr/bin/wget
configure:2475: checking for gcc
configure:2491: found /usr/bin/gcc
configure:2502: result: gcc
configure:2731: checking for C compiler version
configure:2740: gcc --version >&5
gcc (Ubuntu 5.4.0-6ubuntu1~16.04.12) 5.4.0 20160609
Copyright (C) 2015 Free Software Foundation, Inc.
This is free software; see the source for copying conditions.  There is NO
warranty; not even for MERCHANTABILITY or FITNESS FOR A PARTICULAR PURPOSE.

configure:2751: $? = 0
configure:2740: gcc -v >&5
Using built-in specs.
COLLECT_GCC=gcc
COLLECT_LTO_WRAPPER=/usr/lib/gcc/x86_64-linux-gnu/5/lto-wrapper
Target: x86_64-linux-gnu
Configured with: ../src/configure -v --with-pkgversion='Ubuntu 5.4.0-6ubuntu1~16.04.12' --with-bugurl=file:///usr/share/doc/gcc-5/README.Bugs --enable-languages=c,ada,c++,java,go,d,fortran,objc,obj-c++ --prefix=/usr --program-suffix=-5 --enable-shared --enable-linker-build-id --libexecdir=/usr/lib --without-included-gettext --enable-threads=posix --libdir=/usr/lib --enable-nls --with-sysroot=/ --enable-clocale=gnu --enable-libstdcxx-debug --enable-libstdcxx-time=yes --with-default-libstdcxx-abi=new --enable-gnu-unique-object --disable-vtable-verify --enable-libmpx --enable-plugin --with-system-zlib --disable-browser-plugin --enable-java-awt=gtk --enable-gtk-cairo --with-java-home=/usr/lib/jvm/java-1.5.0-gcj-5-amd64/jre --enable-java-home --with-jvm-root-dir=/usr/lib/jvm/java-1.5.0-gcj-5-amd64 --with-jvm-jar-dir=/usr/lib/jvm-exports/java-1.5.0-gcj-5-amd64 --with-arch-directory=amd64 --with-ecj-jar=/usr/share/java/eclipse-ecj.jar --enable-objc-gc --enable-multiarch --disable-werror --with-arch-32=i686 --with-abi=m64 --with-multilib-list=m32,m64,mx32 --enable-multilib --with-tune=generic --enable-checking=release --build=x86_64-linux-gnu --host=x86_64-linux-gnu --target=x86_64-linux-gnu
Thread model: posix
gcc version 5.4.0 20160609 (Ubuntu 5.4.0-6ubuntu1~16.04.12) 
configure:2751: $? = 0
configure:2740: gcc -V >&5
gcc: error: unrecognized command line option '-V'
gcc: fatal error: no input files
compilation terminated.
configure:2751: $? = 1
configure:2740: gcc -qversion >&5
gcc: error: unrecognized command line option '-qversion'
gcc: fatal error: no input files
compilation terminated.
configure:2751: $? = 1
configure:2771: checking whether the C compiler works
configure:2793: gcc    conftest.c  >&5
configure:2797: $? = 0
configure:2845: result: yes
configure:2848: checking for C compiler default output file name
configure:2850: result: a.out
configure:2856: checking for suffix of executables
configure:2863: gcc -o conftest    conftest.c  >&5
configure:2867: $? = 0
configure:2889: result: 
configure:2911: checking whether we are cross compiling
configure:2919: gcc -o conftest    conftest.c  >&5
configure:2923: $? = 0
configure:2930: ./conftest
configure:2934: $? = 0
configure:2949: result: no
configure:2954: checking for suffix of object files
configure:2976: gcc -c   conftest.c >&5
configure:2980: $? = 0
configure:3001: result: o
configure:3005: checking whether we are using the GNU C compiler
configure:3024: gcc -c   conftest.c >&5
configure:3024: $? = 0
configure:3033: result: yes
configure:3042: checking whether gcc accepts -g
configure:3062: gcc -c -g  conftest.c >&5
configure:3062: $? = 0
configure:3103: result: yes
configure:3120: checking for gcc option to accept ISO C89
configure:3183: gcc  -c -g -O2  conftest.c >&5
configure:3183: $? = 0
configure:3196: result: none needed
configure:3216: checking whether make sets $(MAKE)
configure:3238: result: yes
configure:3261: checking for a BSD-compatible install
configure:3329: result: /usr/bin/install -c
configure:3399: checking for cmake
configure:3430: result: no
configure:3815: creating ./config.status

## ---------------------- ##
## Running config.status. ##
## ---------------------- ##

This file was extended by Xen Hypervisor Stub Domains config.status 4.12, which was
generated by GNU Autoconf 2.69.  Invocation command line was

  CONFIG_FILES    = 
  CONFIG_HEADERS  = 
  CONFIG_LINKS    = 
  CONFIG_COMMANDS = 
  $ ./config.status 

on rtlabuser-XPS-8500

config.status:769: creating ../config/Stubdom.mk

## ---------------- ##
## Cache variables. ##
## ---------------- ##

ac_cv_build=x86_64-unknown-linux-gnu
ac_cv_c_compiler_gnu=yes
ac_cv_env_CC_set=
ac_cv_env_CC_value=
ac_cv_env_CFLAGS_set=
ac_cv_env_CFLAGS_value=
ac_cv_env_CMAKE_set=
ac_cv_env_CMAKE_value=
ac_cv_env_CPPFLAGS_set=
ac_cv_env_CPPFLAGS_value=
ac_cv_env_GMP_URL_set=
ac_cv_env_GMP_URL_value=
ac_cv_env_GRUB_URL_set=
ac_cv_env_GRUB_URL_value=
ac_cv_env_LDFLAGS_set=
ac_cv_env_LDFLAGS_value=
ac_cv_env_LIBPCI_URL_set=
ac_cv_env_LIBPCI_URL_value=
ac_cv_env_LIBS_set=
ac_cv_env_LIBS_value=
ac_cv_env_LWIP_URL_set=
ac_cv_env_LWIP_URL_value=
ac_cv_env_NEWLIB_URL_set=
ac_cv_env_NEWLIB_URL_value=
ac_cv_env_OCAML_URL_set=
ac_cv_env_OCAML_URL_value=
ac_cv_env_POLARSSL_URL_set=
ac_cv_env_POLARSSL_URL_value=
ac_cv_env_TPMEMU_URL_set=
ac_cv_env_TPMEMU_URL_value=
ac_cv_env_ZLIB_URL_set=
ac_cv_env_ZLIB_URL_value=
ac_cv_env_build_alias_set=
ac_cv_env_build_alias_value=
ac_cv_env_host_alias_set=
ac_cv_env_host_alias_value=
ac_cv_env_target_alias_set=
ac_cv_env_target_alias_value=
ac_cv_host=x86_64-unknown-linux-gnu
ac_cv_objext=o
ac_cv_path_CMAKE=no
ac_cv_path_WGET=/usr/bin/wget
ac_cv_path_install='/usr/bin/install -c'
ac_cv_prog_ac_ct_CC=gcc
ac_cv_prog_cc_c89=
ac_cv_prog_cc_g=yes
ac_cv_prog_make_make_set=yes
ax_cv_debug=y
ax_cv_extfiles=y

## ----------------- ##
## Output variables. ##
## ----------------- ##

CC='gcc'
CFLAGS='-g -O2'
CMAKE='/cmake-disabled-in-configure-script'
CPPFLAGS=''
DEFS='-DPACKAGE_NAME=\"Xen\ Hypervisor\ Stub\ Domains\" -DPACKAGE_TARNAME=\"xen\" -DPACKAGE_VERSION=\"4.12\" -DPACKAGE_STRING=\"Xen\ Hypervisor\ Stub\ Domains\ 4.12\" -DPACKAGE_BUGREPORT=\"xen-devel@lists.xen.org\" -DPACKAGE_URL=\"http://www.xen.org/\"'
ECHO_C=''
ECHO_N='-n'
ECHO_T=''
EXEEXT=''
FETCHER='/usr/bin/wget -c -O'
FTP=''
GMP_URL='$(XEN_EXTFILES_URL)'
GMP_VERSION='4.3.2'
GRUB_URL='$(XEN_EXTFILES_URL)'
GRUB_VERSION='0.97'
INSTALL_DATA='${INSTALL} -m 644'
INSTALL_PROGRAM='${INSTALL}'
INSTALL_SCRIPT='${INSTALL}'
LDFLAGS=''
LIBOBJS=''
LIBPCI_URL='$(XEN_EXTFILES_URL)'
LIBPCI_VERSION='2.2.9'
LIBS=''
LTLIBOBJS=''
LWIP_URL='$(XEN_EXTFILES_URL)'
LWIP_VERSION='1.3.0'
NEWLIB_URL='$(XEN_EXTFILES_URL)'
NEWLIB_VERSION='1.16.0'
OBJEXT='o'
OCAML_URL='http://caml.inria.fr/pub/distrib/ocaml-4.02'
OCAML_VERSION='4.02.0'
PACKAGE_BUGREPORT='xen-devel@lists.xen.org'
PACKAGE_NAME='Xen Hypervisor Stub Domains'
PACKAGE_STRING='Xen Hypervisor Stub Domains 4.12'
PACKAGE_TARNAME='xen'
PACKAGE_URL='http://www.xen.org/'
PACKAGE_VERSION='4.12'
PATH_SEPARATOR=':'
POLARSSL_URL='$(XEN_EXTFILES_URL)'
POLARSSL_VERSION='1.1.4'
SET_MAKE=''
SHELL='/bin/bash'
STUBDOM_BUILD=' pv-grub xenstore-stubdom ioemu-stubdom'
STUBDOM_INSTALL=' install-grub install-xenstore install-ioemu'
STUBDOM_TARGETS=' grub xenstore ioemu'
STUBDOM_UNINSTALL=' install-grub install-xenstore install-ioemu'
TPMEMU_URL='$(XEN_EXTFILES_URL)'
TPMEMU_VERSION='0.7.4'
WGET='/usr/bin/wget'
ZLIB_URL='$(XEN_EXTFILES_URL)'
ZLIB_VERSION='1.2.3'
ac_ct_CC='gcc'
bindir='${exec_prefix}/bin'
build='x86_64-unknown-linux-gnu'
build_alias=''
build_cpu='x86_64'
build_os='linux-gnu'
build_vendor='unknown'
c='n'
caml='n'
datadir='${datarootdir}'
datarootdir='${prefix}/share'
debug='y'
docdir='${datarootdir}/doc/${PACKAGE_TARNAME}'
dvidir='${docdir}'
exec_prefix='${prefix}'
extfiles='y'
grub='y'
host='x86_64-unknown-linux-gnu'
host_alias=''
host_cpu='x86_64'
host_os='linux-gnu'
host_vendor='unknown'
htmldir='${docdir}'
includedir='${prefix}/include'
infodir='${datarootdir}/info'
ioemu='y'
libdir='${exec_prefix}/lib'
libexecdir='${exec_prefix}/libexec'
localedir='${datarootdir}/locale'
localstatedir='${prefix}/var'
mandir='${datarootdir}/man'
oldincludedir='/usr/include'
pdfdir='${docdir}'
prefix='/usr/local'
program_transform_name='s,x,x,'
psdir='${docdir}'
runstatedir='${localstatedir}/run'
sbindir='${exec_prefix}/sbin'
sharedstatedir='${prefix}/com'
sysconfdir='${prefix}/etc'
target_alias=''
vtpm='n'
vtpmmgr='n'
xenstore='y'

## ----------- ##
## confdefs.h. ##
## ----------- ##

/* confdefs.h */
#define PACKAGE_NAME "Xen Hypervisor Stub Domains"
#define PACKAGE_TARNAME "xen"
#define PACKAGE_VERSION "4.12"
#define PACKAGE_STRING "Xen Hypervisor Stub Domains 4.12"
#define PACKAGE_BUGREPORT "xen-devel@lists.xen.org"
#define PACKAGE_URL "http://www.xen.org/"

configure: exit 0
